<?xml version="1.0" encoding="UTF-8"?>
<!-- Generated by org.testng.reporters.JUnitReportReporter -->
<testsuite hostname="Shilpis-MacBook-Pro.local" name="OneRateUpdateNoID" tests="1" failures="1" timestamp="7 Jun 2013 16:07:04 GMT" time="56.429" errors="0">
  <testcase name="testBizops" time="56.429" classname="OneRateUpdateNoID">
    <failure type="com.thoughtworks.selenium.SeleniumException" message="Window not found. The browser window may have been closed.
Command duration or timeout: 80 milliseconds
Build info: version: &#039;2.31.0&#039;, revision: &#039;1bd294d&#039;, time: &#039;2013-02-27 20:52:59&#039;
System info: os.name: &#039;Mac OS X&#039;, os.arch: &#039;x86_64&#039;, os.version: &#039;10.7.5&#039;, java.version: &#039;1.6.0_43&#039;
Session ID: a0aa266d-7d97-2c46-8126-426177ab123c
Driver info: org.openqa.selenium.firefox.FirefoxDriver
Capabilities [{platform=MAC, acceptSslCerts=true, javascriptEnabled=true, browserName=firefox, rotatable=false, locationContextEnabled=true, version=21.0, cssSelectorsEnabled=true, databaseEnabled=true, handlesAlerts=true, browserConnectionEnabled=true, nativeEvents=false, webStorageEnabled=true, applicationCacheEnabled=true, takesScreenshot=true}]">
      <![CDATA[com.thoughtworks.selenium.SeleniumException: Window not found. The browser window may have been closed.
Command duration or timeout: 80 milliseconds
Build info: version: '2.31.0', revision: '1bd294d', time: '2013-02-27 20:52:59'
System info: os.name: 'Mac OS X', os.arch: 'x86_64', os.version: '10.7.5', java.version: '1.6.0_43'
Session ID: a0aa266d-7d97-2c46-8126-426177ab123c
Driver info: org.openqa.selenium.firefox.FirefoxDriver
Capabilities [{platform=MAC, acceptSslCerts=true, javascriptEnabled=true, browserName=firefox, rotatable=false, locationContextEnabled=true, version=21.0, cssSelectorsEnabled=true, databaseEnabled=true, handlesAlerts=true, browserConnectionEnabled=true, nativeEvents=false, webStorageEnabled=true, applicationCacheEnabled=true, takesScreenshot=true}]
	at org.openqa.selenium.internal.seleniumemulation.SeleneseCommand.apply(SeleneseCommand.java:44)
	at org.openqa.selenium.internal.seleniumemulation.Timer.run(Timer.java:40)
	at org.openqa.selenium.WebDriverCommandProcessor.execute(WebDriverCommandProcessor.java:138)
	at org.openqa.selenium.WebDriverCommandProcessor.doCommand(WebDriverCommandProcessor.java:68)
	at com.thoughtworks.selenium.DefaultSelenium.type(DefaultSelenium.java:317)
	at OneRateUpdateNoID.testBizops(OneRateUpdateNoID.java:286)
	at sun.reflect.NativeMethodAccessorImpl.invoke0(Native Method)
	at sun.reflect.NativeMethodAccessorImpl.invoke(NativeMethodAccessorImpl.java:39)
	at sun.reflect.DelegatingMethodAccessorImpl.invoke(DelegatingMethodAccessorImpl.java:25)
	at java.lang.reflect.Method.invoke(Method.java:597)
	at org.testng.internal.MethodInvocationHelper.invokeMethod(MethodInvocationHelper.java:80)
	at org.testng.internal.Invoker.invokeMethod(Invoker.java:714)
	at org.testng.internal.Invoker.invokeTestMethod(Invoker.java:901)
	at org.testng.internal.Invoker.invokeTestMethods(Invoker.java:1231)
	at org.testng.internal.TestMethodWorker.invokeTestMethods(TestMethodWorker.java:128)
	at org.testng.internal.TestMethodWorker.run(TestMethodWorker.java:111)
	at org.testng.TestRunner.privateRun(TestRunner.java:767)
	at org.testng.TestRunner.run(TestRunner.java:617)
	at org.testng.SuiteRunner.runTest(SuiteRunner.java:334)
	at org.testng.SuiteRunner.runSequentially(SuiteRunner.java:329)
	at org.testng.SuiteRunner.privateRun(SuiteRunner.java:291)
	at org.testng.SuiteRunner.run(SuiteRunner.java:240)
	at org.testng.SuiteRunnerWorker.runSuite(SuiteRunnerWorker.java:52)
	at org.testng.SuiteRunnerWorker.run(SuiteRunnerWorker.java:86)
	at org.testng.TestNG.runSuitesSequentially(TestNG.java:1203)
	at org.testng.TestNG.runSuitesLocally(TestNG.java:1128)
	at org.testng.TestNG.run(TestNG.java:1036)
	at org.testng.remote.RemoteTestNG.run(RemoteTestNG.java:111)
	at org.testng.remote.RemoteTestNG.initAndRun(RemoteTestNG.java:204)
	at org.testng.remote.RemoteTestNG.main(RemoteTestNG.java:175)
Caused by: org.openqa.selenium.NoSuchWindowException: Window not found. The browser window may have been closed.
Command duration or timeout: 80 milliseconds
Build info: version: '2.31.0', revision: '1bd294d', time: '2013-02-27 20:52:59'
System info: os.name: 'Mac OS X', os.arch: 'x86_64', os.version: '10.7.5', java.version: '1.6.0_43'
Session ID: a0aa266d-7d97-2c46-8126-426177ab123c
Driver info: org.openqa.selenium.firefox.FirefoxDriver
Capabilities [{platform=MAC, acceptSslCerts=true, javascriptEnabled=true, browserName=firefox, rotatable=false, locationContextEnabled=true, version=21.0, cssSelectorsEnabled=true, databaseEnabled=true, handlesAlerts=true, browserConnectionEnabled=true, nativeEvents=false, webStorageEnabled=true, applicationCacheEnabled=true, takesScreenshot=true}]
	at sun.reflect.NativeConstructorAccessorImpl.newInstance0(Native Method)
	at sun.reflect.NativeConstructorAccessorImpl.newInstance(NativeConstructorAccessorImpl.java:39)
	at sun.reflect.DelegatingConstructorAccessorImpl.newInstance(DelegatingConstructorAccessorImpl.java:27)
	at java.lang.reflect.Constructor.newInstance(Constructor.java:513)
	at org.openqa.selenium.remote.ErrorHandler.createThrowable(ErrorHandler.java:187)
	at org.openqa.selenium.remote.ErrorHandler.throwIfResponseFailed(ErrorHandler.java:145)
	at org.openqa.selenium.remote.RemoteWebDriver.execute(RemoteWebDriver.java:554)
	at org.openqa.selenium.remote.RemoteWebDriver.executeScript(RemoteWebDriver.java:463)
	at org.openqa.selenium.internal.seleniumemulation.JavascriptLibrary.executeScript(JavascriptLibrary.java:87)
	at org.openqa.selenium.internal.seleniumemulation.Type.handleSeleneseCommand(Type.java:75)
	at org.openqa.selenium.internal.seleniumemulation.Type.handleSeleneseCommand(Type.java:1)
	at org.openqa.selenium.internal.seleniumemulation.SeleneseCommand.apply(SeleneseCommand.java:38)
	... 29 more
Caused by: org.openqa.selenium.remote.ErrorHandler$UnknownServerException: Window not found. The browser window may have been closed.
Build info: version: '2.31.0', revision: '1bd294d', time: '2013-02-27 20:52:59'
System info: os.name: 'Mac OS X', os.arch: 'x86_64', os.version: '10.7.5', java.version: '1.6.0_43'
Driver info: driver.version: unknown
	at <anonymous class>.nsCommandProcessor.prototype.execute(file:///var/folders/2m/6_cmr3td6tb59tq3ttd6kdp00000gn/T/anonymous9122778022828770250webdriver-profile/extensions/fxdriver@googlecode.com/components/command_processor.js:10342)
	at <anonymous class>.Dispatcher.executeAs/<(file:///var/folders/2m/6_cmr3td6tb59tq3ttd6kdp00000gn/T/anonymous9122778022828770250webdriver-profile/extensions/fxdriver@googlecode.com/components/driver_component.js:7358)
	at <anonymous class>.Resource.prototype.handle(file:///var/folders/2m/6_cmr3td6tb59tq3ttd6kdp00000gn/T/anonymous9122778022828770250webdriver-profile/extensions/fxdriver@googlecode.com/components/driver_component.js:7516)
	at <anonymous class>.Dispatcher.prototype.dispatch(file:///var/folders/2m/6_cmr3td6tb59tq3ttd6kdp00000gn/T/anonymous9122778022828770250webdriver-profile/extensions/fxdriver@googlecode.com/components/driver_component.js:7463)
	at <anonymous class>.WebDriverServer/<.handle(file:///var/folders/2m/6_cmr3td6tb59tq3ttd6kdp00000gn/T/anonymous9122778022828770250webdriver-profile/extensions/fxdriver@googlecode.com/components/driver_component.js:10152)
	at <anonymous class>.<anonymous method>(file:///var/folders/2m/6_cmr3td6tb59tq3ttd6kdp00000gn/T/anonymous9122778022828770250webdriver-profile/extensions/fxdriver@googlecode.com/components/httpd.js:1935)
	at <anonymous class>.ServerHandler.prototype.handleResponse(file:///var/folders/2m/6_cmr3td6tb59tq3ttd6kdp00000gn/T/anonymous9122778022828770250webdriver-profile/extensions/fxdriver@googlecode.com/components/httpd.js:2261)
	at <anonymous class>.Connection.prototype.process(file:///var/folders/2m/6_cmr3td6tb59tq3ttd6kdp00000gn/T/anonymous9122778022828770250webdriver-profile/extensions/fxdriver@googlecode.com/components/httpd.js:1168)
	at <anonymous class>.RequestReader.prototype._handleResponse(file:///var/folders/2m/6_cmr3td6tb59tq3ttd6kdp00000gn/T/anonymous9122778022828770250webdriver-profile/extensions/fxdriver@googlecode.com/components/httpd.js:1616)
	at <anonymous class>.RequestReader.prototype._processBody(file:///var/folders/2m/6_cmr3td6tb59tq3ttd6kdp00000gn/T/anonymous9122778022828770250webdriver-profile/extensions/fxdriver@googlecode.com/components/httpd.js:1464)
	at <anonymous class>.RequestReader.prototype.onInputStreamReady(file:///var/folders/2m/6_cmr3td6tb59tq3ttd6kdp00000gn/T/anonymous9122778022828770250webdriver-profile/extensions/fxdriver@googlecode.com/components/httpd.js:1333)
]]>
    </failure>
  </testcase> <!-- testBizops -->
</testsuite> <!-- OneRateUpdateNoID -->
